<?xml version="1.0" encoding="UTF-8"?>
<robot generator="Robot 4.1.2 (Python 3.9.6 on win32)" generated="20211022 20:35:42.522" rpa="false" schemaversion="2">
<suite id="s1" name="Webautomation" source="C:\Users\User\Desktop\primehero\tests\webautomation.robot">
<test id="s1-t1" name="Caso de Teste 01: Pesquisar produto existente​">
<kw name="Abrir navegador" library="hooks" type="SETUP">
<kw name="Open Browser" library="SeleniumLibrary">
<arg>browser=${BROWSER}</arg>
<doc>Opens a new browser instance to the optional ``url``.</doc>
<msg timestamp="20211022 20:35:42.717" level="INFO">Opening browser 'chrome' to base url 'None'.</msg>
<status status="PASS" starttime="20211022 20:35:42.717" endtime="20211022 20:35:43.813"/>
</kw>
<kw name="Maximize Browser Window" library="SeleniumLibrary">
<doc>Maximizes current browser window.</doc>
<status status="PASS" starttime="20211022 20:35:43.813" endtime="20211022 20:35:43.942"/>
</kw>
<status status="PASS" starttime="20211022 20:35:42.716" endtime="20211022 20:35:43.942"/>
</kw>
<kw name="Acessar a página home do site Automation Practice​" library="kws_webautomation">
<kw name="Go To" library="SeleniumLibrary">
<arg>${URL}</arg>
<doc>Navigates the current browser window to the provided ``url``.</doc>
<msg timestamp="20211022 20:35:43.944" level="INFO">Opening url 'http://automationpractice.com/index.php'</msg>
<status status="PASS" starttime="20211022 20:35:43.943" endtime="20211022 20:35:48.898"/>
</kw>
<kw name="Title Should Be" library="SeleniumLibrary">
<arg>My Store</arg>
<doc>Verifies that the current page title equals ``title``.</doc>
<msg timestamp="20211022 20:35:48.906" level="INFO">Page title is 'My Store'.</msg>
<status status="PASS" starttime="20211022 20:35:48.898" endtime="20211022 20:35:48.906"/>
</kw>
<kw name="Wait Until Element Is Visible" library="SeleniumLibrary">
<arg>xpath=//*[@id="block_top_menu"]/ul</arg>
<doc>Waits until the element ``locator`` is visible.</doc>
<status status="PASS" starttime="20211022 20:35:48.907" endtime="20211022 20:35:48.944"/>
</kw>
<status status="PASS" starttime="20211022 20:35:43.943" endtime="20211022 20:35:48.944"/>
</kw>
<kw name="Digitar o nome do produto &quot;Blouse&quot; no campo de pesquisa​" library="kws_webautomation" sourcename="Digitar o nome do produto &quot;${PRODUTO}&quot; no campo de pesquisa​">
<kw name="Input Text" library="SeleniumLibrary">
<arg>id=search_query_top</arg>
<arg>${PRODUTO}</arg>
<doc>Types the given ``text`` into the text field identified by ``locator``.</doc>
<msg timestamp="20211022 20:35:48.946" level="INFO">Typing text 'Blouse' into text field 'id=search_query_top'.</msg>
<status status="PASS" starttime="20211022 20:35:48.946" endtime="20211022 20:35:49.088"/>
</kw>
<status status="PASS" starttime="20211022 20:35:48.945" endtime="20211022 20:35:49.088"/>
</kw>
<kw name="Clicar no botão pesquisar​" library="kws_webautomation">
<kw name="Click Element" library="SeleniumLibrary">
<arg>name=submit_search</arg>
<doc>Click the element identified by ``locator``.</doc>
<msg timestamp="20211022 20:35:49.090" level="INFO">Clicking element 'name=submit_search'.</msg>
<status status="PASS" starttime="20211022 20:35:49.089" endtime="20211022 20:35:50.046"/>
</kw>
<status status="PASS" starttime="20211022 20:35:49.089" endtime="20211022 20:35:50.046"/>
</kw>
<kw name="Conferir se o produto &quot;Blouse&quot; foi listado no site" library="kws_webautomation" sourcename="Conferir se o produto &quot;${PRODUTO}&quot; foi listado no site">
<kw name="Page Should Contain Image" library="SeleniumLibrary">
<arg>xpath=//*[@id="center_column"]//*[@src='http://automationpractice.com/img/p/7/7-home_default.jpg']</arg>
<doc>Verifies image identified by ``locator`` is found from current page.</doc>
<kw name="Capture Page Screenshot" library="SeleniumLibrary">
<doc>Takes a screenshot of the current page and embeds it into a log file.</doc>
<msg timestamp="20211022 20:35:50.288" level="INFO" html="true">&lt;/td&gt;&lt;/tr&gt;&lt;tr&gt;&lt;td colspan="3"&gt;&lt;a href="selenium-screenshot-6.png"&gt;&lt;img src="selenium-screenshot-6.png" width="800px"&gt;&lt;/a&gt;</msg>
<status status="PASS" starttime="20211022 20:35:50.077" endtime="20211022 20:35:50.288"/>
</kw>
<msg timestamp="20211022 20:35:50.293" level="FAIL">Page should have contained image 'xpath=//*[@id="center_column"]//*[@src='http://automationpractice.com/img/p/7/7-home_default.jpg']' but did not.</msg>
<status status="FAIL" starttime="20211022 20:35:50.047" endtime="20211022 20:35:50.294"/>
</kw>
<kw name="Title Should Be" library="SeleniumLibrary">
<arg>Search - My Store</arg>
<doc>Verifies that the current page title equals ``title``.</doc>
<status status="NOT RUN" starttime="20211022 20:35:50.294" endtime="20211022 20:35:50.294"/>
</kw>
<status status="FAIL" starttime="20211022 20:35:50.047" endtime="20211022 20:35:50.295"/>
</kw>
<kw name="Fechar navegador" library="hooks" type="TEARDOWN">
<kw name="Close Browser" library="SeleniumLibrary">
<doc>Closes the current browser.</doc>
<status status="PASS" starttime="20211022 20:35:50.296" endtime="20211022 20:35:53.500"/>
</kw>
<status status="PASS" starttime="20211022 20:35:50.296" endtime="20211022 20:35:53.500"/>
</kw>
<tag>PESQUISAR</tag>
<status status="FAIL" starttime="20211022 20:35:42.714" endtime="20211022 20:35:53.500">Page should have contained image 'xpath=//*[@id="center_column"]//*[@src='http://automationpractice.com/img/p/7/7-home_default.jpg']' but did not.</status>
</test>
<doc>Aqui estarão presentes os primeiros testes automatizados Web.</doc>
<status status="FAIL" starttime="20211022 20:35:42.523" endtime="20211022 20:35:53.503"/>
</suite>
<statistics>
<total>
<stat pass="0" fail="1" skip="0">All Tests</stat>
</total>
<tag>
<stat pass="0" fail="1" skip="0">PESQUISAR</stat>
</tag>
<suite>
<stat pass="0" fail="1" skip="0" id="s1" name="Webautomation">Webautomation</stat>
</suite>
</statistics>
<errors>
</errors>
</robot>
